Using pre-set license
Built from '2020.3/staging' branch; Version is '2020.3.20f1 (41c4e627c95f) revision 4310246'; Using compiler version '192528614'; Build Type 'Release'
OS: 'Windows 10 Home Single Language; OS build 19042.1237; Version 2009; 64bit' Language: 'es' Physical Memory: 8095 MB
BatchMode: 1, IsHumanControllingUs: 0, StartBugReporterOnCrash: 0, Is64bit: 1, IsPro: 0

COMMAND LINE ARGUMENTS:
C:\Program Files\Unity\Hub\Editor\2020.3.20f1\Editor\Unity.exe
-adb2
-batchMode
-noUpm
-name
AssetImportWorker35
-projectPath
C:/Users/Yuli Gómez/Desktop/videojuegos/Videojuegos_Nave-/Nave Espacial
-logFile
Logs/AssetImportWorker35.log
-srvPort
60558
Successfully changed project path to: C:/Users/Yuli Gómez/Desktop/videojuegos/Videojuegos_Nave-/Nave Espacial
C:/Users/Yuli Gómez/Desktop/videojuegos/Videojuegos_Nave-/Nave Espacial
Using Asset Import Pipeline V2.
